<?xml version="1.0" encoding="UTF-8"?>
<!-- Generated by org.testng.reporters.JUnitReportReporter -->
<testsuite hostname="reas-MBP-2.hsd1.ca.comcast.net" failures="0" tests="5" name="org.reacarolyn.AppTest" time="52.946" errors="0" timestamp="13 Mar 2023 23:36:05 GMT" skipped="0">
  <testcase classname="org.reacarolyn.AppTest" name="testValidLogin" time="10.883"/>
  <testcase classname="org.reacarolyn.AppTest" name="testInvalidLogInWithInvalidUsername" time="10.196"/>
  <testcase classname="org.reacarolyn.AppTest" name="testInvalidLogInWithInvalidPassword" time="10.452"/>
  <testcase classname="org.reacarolyn.AppTest" name="testEmptyUsername" time="10.806"/>
  <testcase classname="org.reacarolyn.AppTest" name="testEmptyPassword" time="10.609"/>
</testsuite> <!-- org.reacarolyn.AppTest -->
